[33mCMake Warning (dev) at CMakeLists.txt:42 (add_executable):
  Policy CMP0115 is not set: Source file extensions must be explicit.  Run
  "cmake --help-policy CMP0115" for policy details.  Use the cmake_policy
  command to set the policy and suppress this warning.

  File:

    /home/wu/prac_ws/src/example_cpp/src/topic_publisher_01.cpp
This warning is for project developers.  Use -Wno-dev to suppress it.
[0m
[01m[K/home/wu/prac_ws/src/example_cpp/src/topic_publisher_01.cpp:32:47:[m[K [01;31m[Kerror: [m[Ktemplate argument 1 is invalid
   32 |         rclcpp::Publisher<std_msgs:msg::String[01;31m[K>[m[K::SharedPtr command_publisher_;
      |                                               [01;31m[K^[m[K
[01m[K/home/wu/prac_ws/src/example_cpp/src/topic_publisher_01.cpp:32:50:[m[K [01;31m[Kerror: [m[Kexpected â€˜[01m[K;[m[Kâ€™ at end of member declaration
   32 |         rclcpp::Publisher<std_msgs:msg::String>::[01;31m[KSharedPtr[m[K command_publisher_;
      |                                                  [01;31m[K^~~~~~~~~[m[K
      |                                                           [32m[K;[m[K
[01m[K/home/wu/prac_ws/src/example_cpp/src/topic_publisher_01.cpp:32:60:[m[K [01;31m[Kerror: [m[Kâ€˜[01m[Kcommand_publisher_[m[Kâ€™ does not name a type
   32 |         rclcpp::Publisher<std_msgs:msg::String>::SharedPtr [01;31m[Kcommand_publisher_[m[K;
      |                                                            [01;31m[K^~~~~~~~~~~~~~~~~~[m[K
[01m[K/home/wu/prac_ws/src/example_cpp/src/topic_publisher_01.cpp:[m[K In constructor â€˜[01m[KTopicPublisher01::TopicPublisher01(std::string)[m[Kâ€™:
[01m[K/home/wu/prac_ws/src/example_cpp/src/topic_publisher_01.cpp:11:13:[m[K [01;31m[Kerror: [m[Kâ€˜[01m[Kcommand_publisher_[m[Kâ€™ was not declared in this scope; did you mean â€˜[01m[Kcount_publishers[m[Kâ€™?
   11 |             [01;31m[Kcommand_publisher_[m[K = this->create_publisher<std_msgs::msg::String>("command", 10);
      |             [01;31m[K^~~~~~~~~~~~~~~~~~[m[K
      |             [32m[Kcount_publishers[m[K
[01m[K/home/wu/prac_ws/src/example_cpp/src/topic_publisher_01.cpp:[m[K In member function â€˜[01m[Kvoid TopicPublisher01::timer_callback()[m[Kâ€™:
[01m[K/home/wu/prac_ws/src/example_cpp/src/topic_publisher_01.cpp:27:13:[m[K [01;31m[Kerror: [m[Kâ€˜[01m[Kcommand_publisher_[m[Kâ€™ was not declared in this scope; did you mean â€˜[01m[Kcount_publishers[m[Kâ€™?
   27 |             [01;31m[Kcommand_publisher_[m[K->publish(message);
      |             [01;31m[K^~~~~~~~~~~~~~~~~~[m[K
      |             [32m[Kcount_publishers[m[K
gmake[2]: *** [CMakeFiles/topic_publisher_01.dir/build.make:76: CMakeFiles/topic_publisher_01.dir/src/topic_publisher_01.cpp.o] Error 1
gmake[1]: *** [CMakeFiles/Makefile2:193: CMakeFiles/topic_publisher_01.dir/all] Error 2
gmake: *** [Makefile:146: all] Error 2
