-- Found ament_cmake: 1.3.8 (/opt/ros/humble/share/ament_cmake/cmake)
-- Found rclcpp: 16.0.8 (/opt/ros/humble/share/rclcpp/cmake)
-- Found rosidl_generator_c: 3.1.5 (/opt/ros/humble/share/rosidl_generator_c/cmake)
-- Found rosidl_adapter: 3.1.5 (/opt/ros/humble/share/rosidl_adapter/cmake)
-- Found rosidl_generator_cpp: 3.1.5 (/opt/ros/humble/share/rosidl_generator_cpp/cmake)
-- Using all available rosidl_typesupport_c: rosidl_typesupport_fastrtps_c;rosidl_typesupport_introspection_c
-- Using all available rosidl_typesupport_cpp: rosidl_typesupport_fastrtps_cpp;rosidl_typesupport_introspection_cpp
-- Found rmw_implementation_cmake: 6.1.1 (/opt/ros/humble/share/rmw_implementation_cmake/cmake)
-- Found rmw_fastrtps_cpp: 6.2.6 (/opt/ros/humble/share/rmw_fastrtps_cpp/cmake)
-- Using RMW implementation 'rmw_fastrtps_cpp' as default
-- Found ament_lint_auto: 0.12.10 (/opt/ros/humble/share/ament_lint_auto/cmake)
-- Added test 'cppcheck' to perform static code analysis on C / C++ code
-- Configured cppcheck include dirs: 
-- Configured cppcheck exclude dirs and/or files: 
-- Added test 'lint_cmake' to check CMake code style
-- Added test 'uncrustify' to check C / C++ code style
-- Configured uncrustify additional arguments: 
-- Added test 'xmllint' to check XML markup files
-- Configuring done
[33mCMake Warning (dev) at CMakeLists.txt:42 (add_executable):
  Policy CMP0115 is not set: Source file extensions must be explicit.  Run
  "cmake --help-policy CMP0115" for policy details.  Use the cmake_policy
  command to set the policy and suppress this warning.

  File:

    /home/wu/prac_ws/src/example_cpp/src/topic_publisher_01.cpp
This warning is for project developers.  Use -Wno-dev to suppress it.
[0m
-- Generating done
-- Build files have been written to: /home/wu/prac_ws/build/example_cpp
[35m[1mConsolidate compiler generated dependencies of target node_01[0m
[35m[1mConsolidate compiler generated dependencies of target topic_publisher_01[0m
[35m[1mConsolidate compiler generated dependencies of target node_03[0m
[ 83%] Built target node_03
[ 83%] [32mBuilding CXX object CMakeFiles/topic_publisher_01.dir/src/topic_publisher_01.cpp.o[0m
[ 83%] Built target node_01
[01m[K/home/wu/prac_ws/src/example_cpp/src/topic_publisher_01.cpp:32:47:[m[K [01;31m[Kerror: [m[Ktemplate argument 1 is invalid
   32 |         rclcpp::Publisher<std_msgs:msg::String[01;31m[K>[m[K::SharedPtr command_publisher_;
      |                                               [01;31m[K^[m[K
[01m[K/home/wu/prac_ws/src/example_cpp/src/topic_publisher_01.cpp:32:50:[m[K [01;31m[Kerror: [m[Kexpected â€˜[01m[K;[m[Kâ€™ at end of member declaration
   32 |         rclcpp::Publisher<std_msgs:msg::String>::[01;31m[KSharedPtr[m[K command_publisher_;
      |                                                  [01;31m[K^~~~~~~~~[m[K
      |                                                           [32m[K;[m[K
[01m[K/home/wu/prac_ws/src/example_cpp/src/topic_publisher_01.cpp:32:60:[m[K [01;31m[Kerror: [m[Kâ€˜[01m[Kcommand_publisher_[m[Kâ€™ does not name a type
   32 |         rclcpp::Publisher<std_msgs:msg::String>::SharedPtr [01;31m[Kcommand_publisher_[m[K;
      |                                                            [01;31m[K^~~~~~~~~~~~~~~~~~[m[K
[01m[K/home/wu/prac_ws/src/example_cpp/src/topic_publisher_01.cpp:[m[K In constructor â€˜[01m[KTopicPublisher01::TopicPublisher01(std::string)[m[Kâ€™:
[01m[K/home/wu/prac_ws/src/example_cpp/src/topic_publisher_01.cpp:11:13:[m[K [01;31m[Kerror: [m[Kâ€˜[01m[Kcommand_publisher_[m[Kâ€™ was not declared in this scope; did you mean â€˜[01m[Kcount_publishers[m[Kâ€™?
   11 |             [01;31m[Kcommand_publisher_[m[K = this->create_publisher<std_msgs::msg::String>("command", 10);
      |             [01;31m[K^~~~~~~~~~~~~~~~~~[m[K
      |             [32m[Kcount_publishers[m[K
[01m[K/home/wu/prac_ws/src/example_cpp/src/topic_publisher_01.cpp:[m[K In member function â€˜[01m[Kvoid TopicPublisher01::timer_callback()[m[Kâ€™:
[01m[K/home/wu/prac_ws/src/example_cpp/src/topic_publisher_01.cpp:27:13:[m[K [01;31m[Kerror: [m[Kâ€˜[01m[Kcommand_publisher_[m[Kâ€™ was not declared in this scope; did you mean â€˜[01m[Kcount_publishers[m[Kâ€™?
   27 |             [01;31m[Kcommand_publisher_[m[K->publish(message);
      |             [01;31m[K^~~~~~~~~~~~~~~~~~[m[K
      |             [32m[Kcount_publishers[m[K
gmake[2]: *** [CMakeFiles/topic_publisher_01.dir/build.make:76: CMakeFiles/topic_publisher_01.dir/src/topic_publisher_01.cpp.o] Error 1
gmake[1]: *** [CMakeFiles/Makefile2:193: CMakeFiles/topic_publisher_01.dir/all] Error 2
gmake: *** [Makefile:146: all] Error 2
