[0.015s] Invoking command in '/home/wu/prac_ws/build/example_cpp': CMAKE_PREFIX_PATH=/opt/ros/humble /usr/bin/cmake --build /home/wu/prac_ws/build/example_cpp -- -j16 -l16
[0.046s] -- Found ament_cmake: 1.3.8 (/opt/ros/humble/share/ament_cmake/cmake)
[0.134s] -- Found rclcpp: 16.0.8 (/opt/ros/humble/share/rclcpp/cmake)
[0.151s] -- Found rosidl_generator_c: 3.1.5 (/opt/ros/humble/share/rosidl_generator_c/cmake)
[0.152s] -- Found rosidl_adapter: 3.1.5 (/opt/ros/humble/share/rosidl_adapter/cmake)
[0.155s] -- Found rosidl_generator_cpp: 3.1.5 (/opt/ros/humble/share/rosidl_generator_cpp/cmake)
[0.161s] -- Using all available rosidl_typesupport_c: rosidl_typesupport_fastrtps_c;rosidl_typesupport_introspection_c
[0.169s] -- Using all available rosidl_typesupport_cpp: rosidl_typesupport_fastrtps_cpp;rosidl_typesupport_introspection_cpp
[0.200s] -- Found rmw_implementation_cmake: 6.1.1 (/opt/ros/humble/share/rmw_implementation_cmake/cmake)
[0.200s] -- Found rmw_fastrtps_cpp: 6.2.6 (/opt/ros/humble/share/rmw_fastrtps_cpp/cmake)
[0.287s] -- Using RMW implementation 'rmw_fastrtps_cpp' as default
[0.376s] -- Found ament_lint_auto: 0.12.10 (/opt/ros/humble/share/ament_lint_auto/cmake)
[0.435s] -- Added test 'cppcheck' to perform static code analysis on C / C++ code
[0.436s] -- Configured cppcheck include dirs: 
[0.436s] -- Configured cppcheck exclude dirs and/or files: 
[0.436s] -- Added test 'lint_cmake' to check CMake code style
[0.436s] -- Added test 'uncrustify' to check C / C++ code style
[0.436s] -- Configured uncrustify additional arguments: 
[0.437s] -- Added test 'xmllint' to check XML markup files
[0.439s] -- Configuring done
[0.453s] -- Generating done
[0.454s] -- Build files have been written to: /home/wu/prac_ws/build/example_cpp
[0.482s] [35m[1mConsolidate compiler generated dependencies of target node_01[0m
[0.482s] [35m[1mConsolidate compiler generated dependencies of target topic_subscribe_01[0m
[0.482s] [35m[1mConsolidate compiler generated dependencies of target topic_publisher_01[0m
[0.482s] [35m[1mConsolidate compiler generated dependencies of target node_03[0m
[0.499s] [ 87%] [32mBuilding CXX object CMakeFiles/topic_subscribe_01.dir/src/topic_subscribe_01.cpp.o[0m
[0.499s] [ 87%] Built target node_03
[0.499s] [ 87%] Built target node_01
[0.500s] [ 87%] Built target topic_publisher_01
[2.502s] [01m[K/home/wu/prac_ws/src/example_cpp/src/topic_subscribe_01.cpp:[m[K In member function â€˜[01m[Kvoid TopicSubscribe01::command_callback(std_msgs::msg::String_<std::allocator<void> >::SharedPtr)[m[Kâ€™:
[2.502s] [01m[K/home/wu/prac_ws/src/example_cpp/src/topic_subscribe_01.cpp:19:9:[m[K [01;31m[Kerror: [m[Kexpected â€˜[01m[K,[m[Kâ€™ or â€˜[01m[K;[m[Kâ€™ before â€˜[01m[Kif[m[Kâ€™
[2.502s]    19 |         [01;31m[Kif[m[K(msg->data == "forward"){
[2.502s]       |         [01;31m[K^~[m[K
[4.241s] gmake[2]: *** [CMakeFiles/topic_subscribe_01.dir/build.make:76: CMakeFiles/topic_subscribe_01.dir/src/topic_subscribe_01.cpp.o] Error 1
[4.241s] gmake[1]: *** [CMakeFiles/Makefile2:221: CMakeFiles/topic_subscribe_01.dir/all] Error 2
[4.242s] gmake: *** [Makefile:146: all] Error 2
[4.244s] Invoked command in '/home/wu/prac_ws/build/example_cpp' returned '2': CMAKE_PREFIX_PATH=/opt/ros/humble /usr/bin/cmake --build /home/wu/prac_ws/build/example_cpp -- -j16 -l16
