[0.009s] Invoking command in '/home/wu/prac_ws/build/example_cpp': CMAKE_PREFIX_PATH=/opt/ros/humble /usr/bin/cmake --build /home/wu/prac_ws/build/example_cpp -- -j16 -l16
[0.054s] [35m[1mConsolidate compiler generated dependencies of target topic_subscribe_01[0m
[0.066s] [ 62%] Built target node_01
[0.066s] [ 62%] Built target node_03
[0.066s] [ 75%] Built target topic_publisher_01
[0.070s] [ 87%] [32mBuilding CXX object CMakeFiles/topic_subscribe_01.dir/src/topic_subscribe_01.cpp.o[0m
[2.372s] [01m[K/home/wu/prac_ws/src/example_cpp/src/topic_subscribe_01.cpp:[m[K In member function â€˜[01m[Kvoid TopicSubscribe01::command_callback(std_msgs::msg::String_<std::allocator<void> >::SharedPtr)[m[Kâ€™:
[2.372s] [01m[K/home/wu/prac_ws/src/example_cpp/src/topic_subscribe_01.cpp:21:9:[m[K [01;31m[Kerror: [m[Kexpected â€˜[01m[K;[m[Kâ€™ before â€˜[01m[K}[m[Kâ€™ token
[2.372s]    21 |         [01;31m[K}[m[K;
[2.372s]       |         [01;31m[K^[m[K
[3.951s] gmake[2]: *** [CMakeFiles/topic_subscribe_01.dir/build.make:76: CMakeFiles/topic_subscribe_01.dir/src/topic_subscribe_01.cpp.o] Error 1
[3.951s] gmake[1]: *** [CMakeFiles/Makefile2:221: CMakeFiles/topic_subscribe_01.dir/all] Error 2
[3.951s] gmake: *** [Makefile:146: all] Error 2
[3.954s] Invoked command in '/home/wu/prac_ws/build/example_cpp' returned '2': CMAKE_PREFIX_PATH=/opt/ros/humble /usr/bin/cmake --build /home/wu/prac_ws/build/example_cpp -- -j16 -l16
