[0.010s] Invoking command in '/home/wu/prac_ws/build/example_cpp': CMAKE_PREFIX_PATH=/opt/ros/humble /usr/bin/cmake --build /home/wu/prac_ws/build/example_cpp -- -j16 -l16
[0.051s] [35m[1mConsolidate compiler generated dependencies of target node_03[0m
[0.063s] [ 50%] Built target node_01
[0.068s] [ 75%] [32mBuilding CXX object CMakeFiles/node_03.dir/src/node_03.cpp.o[0m
[1.654s] [01m[K/home/wu/prac_ws/src/example_cpp/src/node_03.cpp:[m[K In function â€˜[01m[Kint main(int, char**)[m[Kâ€™:
[1.654s] [01m[K/home/wu/prac_ws/src/example_cpp/src/node_03.cpp:19:17:[m[K [01;31m[Kerror: [m[Kno matching function for call to â€˜[01m[Kspin(std::__shared_ptr<Node03, __gnu_cxx::_S_atomic>&)[m[Kâ€™
[1.654s]    19 |     [01;31m[Krclcpp::spin(node)[m[K;
[1.654s]       |     [01;31m[K~~~~~~~~~~~~^~~~~~[m[K
[1.654s] In file included from [01m[K/opt/ros/humble/include/rclcpp/rclcpp/rclcpp.hpp:155[m[K,
[1.654s]                  from [01m[K/home/wu/prac_ws/src/example_cpp/src/node_03.cpp:1[m[K:
[1.654s] [01m[K/opt/ros/humble/include/rclcpp/rclcpp/executors.hpp:45:1:[m[K [01;36m[Knote: [m[Kcandidate: â€˜[01m[Kvoid rclcpp::spin(rclcpp::node_interfaces::NodeBaseInterface::SharedPtr)[m[Kâ€™
[1.654s]    45 | [01;36m[Kspin[m[K(rclcpp::node_interfaces::NodeBaseInterface::SharedPtr node_ptr);
[1.654s]       | [01;36m[K^~~~[m[K
[1.655s] [01m[K/opt/ros/humble/include/rclcpp/rclcpp/executors.hpp:45:60:[m[K [01;36m[Knote: [m[K  no known conversion for argument 1 from â€˜[01m[Kstd::__shared_ptr<Node03, __gnu_cxx::_S_atomic>[m[Kâ€™ to â€˜[01m[Krclcpp::node_interfaces::NodeBaseInterface::SharedPtr[m[Kâ€™ {aka â€˜[01m[Kstd::shared_ptr<rclcpp::node_interfaces::NodeBaseInterface>[m[Kâ€™}
[1.655s]    45 | spin([01;36m[Krclcpp::node_interfaces::NodeBaseInterface::SharedPtr node_ptr[m[K);
[1.655s]       |      [01;36m[K~~~~~~~~~~~~~~~~~~~~~~~~~~~~~~~~~~~~~~~~~~~~~~~~~~~~~~^~~~~~~~[m[K
[1.655s] [01m[K/opt/ros/humble/include/rclcpp/rclcpp/executors.hpp:49:1:[m[K [01;36m[Knote: [m[Kcandidate: â€˜[01m[Kvoid rclcpp::spin(rclcpp::Node::SharedPtr)[m[Kâ€™
[1.655s]    49 | [01;36m[Kspin[m[K(rclcpp::Node::SharedPtr node_ptr);
[1.655s]       | [01;36m[K^~~~[m[K
[1.655s] [01m[K/opt/ros/humble/include/rclcpp/rclcpp/executors.hpp:49:30:[m[K [01;36m[Knote: [m[K  no known conversion for argument 1 from â€˜[01m[Kstd::__shared_ptr<Node03, __gnu_cxx::_S_atomic>[m[Kâ€™ to â€˜[01m[Krclcpp::Node::SharedPtr[m[Kâ€™ {aka â€˜[01m[Kstd::shared_ptr<rclcpp::Node>[m[Kâ€™}
[1.655s]    49 | spin([01;36m[Krclcpp::Node::SharedPtr node_ptr[m[K);
[1.655s]       |      [01;36m[K~~~~~~~~~~~~~~~~~~~~~~~~^~~~~~~~[m[K
[1.961s] gmake[2]: *** [CMakeFiles/node_03.dir/build.make:76: CMakeFiles/node_03.dir/src/node_03.cpp.o] Error 1
[1.961s] gmake[1]: *** [CMakeFiles/Makefile2:165: CMakeFiles/node_03.dir/all] Error 2
[1.962s] gmake: *** [Makefile:146: all] Error 2
[1.964s] Invoked command in '/home/wu/prac_ws/build/example_cpp' returned '2': CMAKE_PREFIX_PATH=/opt/ros/humble /usr/bin/cmake --build /home/wu/prac_ws/build/example_cpp -- -j16 -l16
