[0.010s] Invoking command in '/home/wu/prac_ws/build/example_cpp': CMAKE_PREFIX_PATH=/opt/ros/humble /usr/bin/cmake --build /home/wu/prac_ws/build/example_cpp -- -j16 -l16
[0.050s] -- Found ament_cmake: 1.3.8 (/opt/ros/humble/share/ament_cmake/cmake)
[0.138s] -- Found rclcpp: 16.0.8 (/opt/ros/humble/share/rclcpp/cmake)
[0.161s] -- Found rosidl_generator_c: 3.1.5 (/opt/ros/humble/share/rosidl_generator_c/cmake)
[0.162s] -- Found rosidl_adapter: 3.1.5 (/opt/ros/humble/share/rosidl_adapter/cmake)
[0.167s] -- Found rosidl_generator_cpp: 3.1.5 (/opt/ros/humble/share/rosidl_generator_cpp/cmake)
[0.174s] -- Using all available rosidl_typesupport_c: rosidl_typesupport_fastrtps_c;rosidl_typesupport_introspection_c
[0.184s] -- Using all available rosidl_typesupport_cpp: rosidl_typesupport_fastrtps_cpp;rosidl_typesupport_introspection_cpp
[0.223s] -- Found rmw_implementation_cmake: 6.1.1 (/opt/ros/humble/share/rmw_implementation_cmake/cmake)
[0.224s] -- Found rmw_fastrtps_cpp: 6.2.6 (/opt/ros/humble/share/rmw_fastrtps_cpp/cmake)
[0.306s] -- Using RMW implementation 'rmw_fastrtps_cpp' as default
[0.400s] -- Found ament_lint_auto: 0.12.10 (/opt/ros/humble/share/ament_lint_auto/cmake)
[0.449s] -- Added test 'cppcheck' to perform static code analysis on C / C++ code
[0.449s] -- Configured cppcheck include dirs: 
[0.450s] -- Configured cppcheck exclude dirs and/or files: 
[0.450s] -- Added test 'lint_cmake' to check CMake code style
[0.451s] -- Added test 'uncrustify' to check C / C++ code style
[0.451s] -- Configured uncrustify additional arguments: 
[0.451s] -- Added test 'xmllint' to check XML markup files
[0.452s] -- Configuring done
[0.455s] [33mCMake Warning (dev) at CMakeLists.txt:40 (add_executable):
[0.455s]   Policy CMP0115 is not set: Source file extensions must be explicit.  Run
[0.455s]   "cmake --help-policy CMP0115" for policy details.  Use the cmake_policy
[0.455s]   command to set the policy and suppress this warning.
[0.455s] 
[0.455s]   File:
[0.455s] 
[0.455s]     /home/wu/prac_ws/src/example_cpp/src/topic_publisher_01.cpp
[0.455s] This warning is for project developers.  Use -Wno-dev to suppress it.
[0.455s] [0m
[0.463s] -- Generating done
[0.464s] -- Build files have been written to: /home/wu/prac_ws/build/example_cpp
[0.492s] [35m[1mConsolidate compiler generated dependencies of target node_03[0m
[0.493s] [35m[1mConsolidate compiler generated dependencies of target node_01[0m
[0.500s] [ 16%] [32mBuilding CXX object CMakeFiles/topic_publisher_01.dir/src/topic_publisher_01.cpp.o[0m
[0.510s] [ 83%] Built target node_03
[0.510s] [ 83%] Built target node_01
[1.920s] [01m[K/home/wu/prac_ws/src/example_cpp/src/topic_publisher_01.cpp:[m[K In function â€˜[01m[Kint main(int, char**)[m[Kâ€™:
[1.920s] [01m[K/home/wu/prac_ws/src/example_cpp/src/topic_publisher_01.cpp:20:12:[m[K [01;31m[Kerror: [m[Kâ€˜[01m[Kshutdown[m[Kâ€™ was not declared in this scope; did you mean â€˜[01m[Krclcpp::shutdown[m[Kâ€™?
[1.920s]    20 |     rclcpp:[01;31m[Kshutdown[m[K();
[1.920s]       |            [01;31m[K^~~~~~~~[m[K
[1.920s]       |            [32m[Krclcpp::shutdown[m[K
[1.920s] In file included from [01m[K/opt/ros/humble/include/rclcpp/rclcpp/logging.hpp:25[m[K,
[1.920s]                  from [01m[K/opt/ros/humble/include/rclcpp/rclcpp/client.hpp:40[m[K,
[1.920s]                  from [01m[K/opt/ros/humble/include/rclcpp/rclcpp/callback_group.hpp:24[m[K,
[1.920s]                  from [01m[K/opt/ros/humble/include/rclcpp/rclcpp/any_executable.hpp:20[m[K,
[1.920s]                  from [01m[K/opt/ros/humble/include/rclcpp/rclcpp/memory_strategy.hpp:25[m[K,
[1.920s]                  from [01m[K/opt/ros/humble/include/rclcpp/rclcpp/memory_strategies.hpp:18[m[K,
[1.920s]                  from [01m[K/opt/ros/humble/include/rclcpp/rclcpp/executor_options.hpp:20[m[K,
[1.920s]                  from [01m[K/opt/ros/humble/include/rclcpp/rclcpp/executor.hpp:37[m[K,
[1.921s]                  from [01m[K/opt/ros/humble/include/rclcpp/rclcpp/executors/multi_threaded_executor.hpp:25[m[K,
[1.921s]                  from [01m[K/opt/ros/humble/include/rclcpp/rclcpp/executors.hpp:21[m[K,
[1.921s]                  from [01m[K/opt/ros/humble/include/rclcpp/rclcpp/rclcpp.hpp:155[m[K,
[1.921s]                  from [01m[K/home/wu/prac_ws/src/example_cpp/src/topic_publisher_01.cpp:1[m[K:
[1.921s] [01m[K/opt/ros/humble/include/rclcpp/rclcpp/utilities.hpp:194:1:[m[K [01;36m[Knote: [m[Kâ€˜[01m[Krclcpp::shutdown[m[Kâ€™ declared here
[1.921s]   194 | [01;36m[Kshutdown[m[K(
[1.921s]       | [01;36m[K^~~~~~~~[m[K
[1.922s] [01m[K/home/wu/prac_ws/src/example_cpp/src/topic_publisher_01.cpp:21:5:[m[K [01;31m[Kerror: [m[Kâ€˜[01m[Kreturn0[m[Kâ€™ was not declared in this scope
[1.922s]    21 |     [01;31m[Kreturn0[m[K;
[1.922s]       |     [01;31m[K^~~~~~~[m[K
[1.927s] [01m[K/home/wu/prac_ws/src/example_cpp/src/topic_publisher_01.cpp:20:5:[m[K [01;35m[Kwarning: [m[Klabel â€˜[01m[Krclcpp[m[Kâ€™ defined but not used [[01;35m[K]8;;https://gcc.gnu.org/onlinedocs/gcc/Warning-Options.html#index-Wunused-label-Wunused-label]8;;[m[K]
[1.927s]    20 |     [01;35m[Krclcpp[m[K:shutdown();
[1.927s]       |     [01;35m[K^~~~~~[m[K
[2.201s] gmake[2]: *** [CMakeFiles/topic_publisher_01.dir/build.make:76: CMakeFiles/topic_publisher_01.dir/src/topic_publisher_01.cpp.o] Error 1
[2.201s] gmake[1]: *** [CMakeFiles/Makefile2:193: CMakeFiles/topic_publisher_01.dir/all] Error 2
[2.202s] gmake: *** [Makefile:146: all] Error 2
[2.205s] Invoked command in '/home/wu/prac_ws/build/example_cpp' returned '2': CMAKE_PREFIX_PATH=/opt/ros/humble /usr/bin/cmake --build /home/wu/prac_ws/build/example_cpp -- -j16 -l16
